<?xml version="1.0" encoding="UTF-8"?>
<coverage generated="1704339508676" clover="3.2.0">
  <project timestamp="1704339508676" name="All files">
    <metrics statements="15" coveredstatements="14" conditionals="0" coveredconditionals="0" methods="5" coveredmethods="4" elements="20" coveredelements="18" complexity="0" loc="15" ncloc="15" packages="1" files="4" classes="4"/>
    <file name="isPalindrome.js" path="/home/kanem/lighthouse/ownProject/code_test_with_jest/unit test/functions/isPalindrome.js">
      <metrics statements="6" coveredstatements="5" conditionals="0" coveredconditionals="0" methods="2" coveredmethods="1"/>
      <line num="1" count="1" type="stmt"/>
      <line num="3" count="1" type="stmt"/>
      <line num="4" count="0" type="stmt"/>
      <line num="7" count="1" type="stmt"/>
      <line num="8" count="2" type="stmt"/>
      <line num="11" count="1" type="stmt"/>
    </file>
    <file name="reverseString.js" path="/home/kanem/lighthouse/ownProject/code_test_with_jest/unit test/functions/reverseString.js">
      <metrics statements="3" coveredstatements="3" conditionals="0" coveredconditionals="0" methods="1" coveredmethods="1"/>
      <line num="9" count="2" type="stmt"/>
      <line num="10" count="3" type="stmt"/>
      <line num="13" count="2" type="stmt"/>
    </file>
    <file name="shallowObjClone.js" path="/home/kanem/lighthouse/ownProject/code_test_with_jest/unit test/functions/shallowObjClone.js">
      <metrics statements="3" coveredstatements="3" conditionals="0" coveredconditionals="0" methods="1" coveredmethods="1"/>
      <line num="1" count="1" type="stmt"/>
      <line num="2" count="1" type="stmt"/>
      <line num="5" count="1" type="stmt"/>
    </file>
    <file name="sum.js" path="/home/kanem/lighthouse/ownProject/code_test_with_jest/unit test/functions/sum.js">
      <metrics statements="3" coveredstatements="3" conditionals="0" coveredconditionals="0" methods="1" coveredmethods="1"/>
      <line num="1" count="1" type="stmt"/>
      <line num="2" count="1" type="stmt"/>
      <line num="5" count="1" type="stmt"/>
    </file>
  </project>
</coverage>
