TN:
SF:unit test/functions/isPalindrome.js
FN:3,(anonymous_0)
FN:7,(anonymous_1)
FNF:2
FNH:1
FNDA:0,(anonymous_0)
FNDA:2,(anonymous_1)
DA:1,1
DA:3,1
DA:4,0
DA:7,1
DA:8,2
DA:11,1
LF:6
LH:5
BRF:0
BRH:0
end_of_record
TN:
SF:unit test/functions/reverseString.js
FN:9,(anonymous_0)
FNF:1
FNH:1
FNDA:3,(anonymous_0)
DA:9,2
DA:10,3
DA:13,2
LF:3
LH:3
BRF:0
BRH:0
end_of_record
TN:
SF:unit test/functions/shallowObjClone.js
FN:1,(anonymous_0)
FNF:1
FNH:1
FNDA:1,(anonymous_0)
DA:1,1
DA:2,1
DA:5,1
LF:3
LH:3
BRF:0
BRH:0
end_of_record
TN:
SF:unit test/functions/sum.js
FN:1,(anonymous_0)
FNF:1
FNH:1
FNDA:1,(anonymous_0)
DA:1,1
DA:2,1
DA:5,1
LF:3
LH:3
BRF:0
BRH:0
end_of_record
